开始生成时的环境:
ALLUSERSPROFILE = C:\ProgramData
APPDATA = C:\Users\PZW\AppData\Roaming
CommonProgramFiles = C:\Program Files\Common Files
COMPUTERNAME = PZW
ComSpec = C:\WINDOWS\system32\cmd.exe
DriverData = C:\Windows\System32\Drivers\DriverData
FPS_BROWSER_APP_PROFILE_STRING = Internet Explorer
FPS_BROWSER_USER_PROFILE_STRING = Default
HOMEDRIVE = C:
HOMEPATH = \Users\PZW
LOCALAPPDATA = C:\Users\PZW\AppData\Local
LOGONSERVER = \\PZW
MOZ_PLUGIN_PATH = D:\Program Files\Foxit Software\Foxit Reader\plugins\
MSBuildLoadMicrosoftTargetsReadOnly = true
NUMBER_OF_PROCESSORS = 4
OneDrive = C:\Users\PZW\OneDrive
OS = Windows_NT
Path = D:\PROGRAM FILES\MICROSOFT VISUAL STUDIO\PREVIEW\PROFESSIONAL\COMMON7\IDE\EXTENSIONS\GITHUB\GITHUB\lib\win32\x86;C:\WINDOWS\system32;C:\WINDOWS;C:\WINDOWS\System32\Wbem;C:\WINDOWS\System32\WindowsPowerShell\v1.0\;D:\qt.10.0_mvs2017_x32_s\bin;D:\qt.10.0_mvs2017_x32_s\lib;C:\WINDOWS\System32\OpenSSH\;C:\Program Files\Microsoft Windows Performance Toolkit\;C:\Strawberry\c\bin;C:\Strawberry\perl\site\bin;C:\Strawberry\perl\bin;C:\Ruby25\bin;C:\Python27;C:\MinGW\bin;D:\Program Files\WinSCP\;C:\Program Files\Microsoft SQL Server\120\Tools\Binn\;C:\Program Files\Git\cmd;C:\Ruby25\bin;C:\Users\PZW\AppData\Local\Microsoft\WindowsApps;D:\Program Files\JieYuan\bin\pc-win64
PATHEXT = .COM;.EXE;.BAT;.CMD;.VBS;.VBE;.JS;.JSE;.WSF;.WSH;.MSC;.RB;.RBW
PkgDefApplicationConfigFile = C:\Users\PZW\AppData\Local\Microsoft\VisualStudio\15.0_4d5488b5\devenv.exe.config
PROCESSOR_ARCHITECTURE = x86
PROCESSOR_IDENTIFIER = x86 Family 6 Model 60 Stepping 3, GenuineIntel
PROCESSOR_LEVEL = 6
PROCESSOR_REVISION = 3c03
ProgramData = C:\ProgramData
ProgramFiles = C:\Program Files
PSModulePath = C:\WINDOWS\system32\WindowsPowerShell\v1.0\Modules\;C:\Program Files\Intel\Wired Networking\
PUBLIC = C:\Users\Public
QtMsBuild = C:\Users\PZW\AppData\Local\QtMsBuild
RUBYOPT = -Eutf-8
SESSIONNAME = Console
SystemDrive = C:
SystemRoot = C:\WINDOWS
TEMP = C:\Users\PZW\AppData\Local\Temp
TMP = C:\Users\PZW\AppData\Local\Temp
USERDOMAIN = PZW
USERDOMAIN_ROAMINGPROFILE = PZW
USERNAME = PZW
USERPROFILE = C:\Users\PZW
VisualStudioDir = C:\Users\PZW\Documents\Visual Studio 2017
VisualStudioEdition = Microsoft Visual Studio Professional 2017
VisualStudioVersion = 15.0
VSAPPIDDIR = D:\Program Files\Microsoft Visual Studio\Preview\Professional\Common7\IDE\
VSAPPIDNAME = devenv.exe
VSLANG = 2052
VSLS_SESSION_KEEPALIVE_INTERVAL = 0
VSSKUEDITION = Professional
windir = C:\WINDOWS

  video_combine.cpp
c:\users\pzw\desktop\ffmpeg_video_combine\video_combine.cpp : warning C4819: 该文件包含不能在当前代码页(936)中表示的字符。请将该文件保存为 Unicode 格式以防止数据丢失
c:\users\pzw\desktop\ffmpeg_video_combine\video_combine.cpp(100): warning C4018: “<”: 有符号/无符号不匹配
c:\users\pzw\desktop\ffmpeg_video_combine\video_combine.cpp(194): warning C4305: “=”: 从“double”到“float”截断
c:\users\pzw\desktop\ffmpeg_video_combine\video_combine.cpp(280): warning C4018: “<”: 有符号/无符号不匹配
c:\users\pzw\desktop\ffmpeg_video_combine\video_combine.cpp(291): warning C4018: “<”: 有符号/无符号不匹配
c:\users\pzw\desktop\ffmpeg_video_combine\video_combine.cpp(302): warning C4018: “<”: 有符号/无符号不匹配
c:\users\pzw\desktop\ffmpeg_video_combine\video_combine.cpp(334): warning C4018: “<”: 有符号/无符号不匹配
c:\users\pzw\desktop\ffmpeg_video_combine\video_combine.cpp(345): warning C4018: “<”: 有符号/无符号不匹配
c:\users\pzw\desktop\ffmpeg_video_combine\video_combine.cpp(396): warning C4018: “<”: 有符号/无符号不匹配
c:\users\pzw\desktop\ffmpeg_video_combine\video_combine.cpp(304): warning C4996: '_snprintf': This function or variable may be unsafe. Consider using _snprintf_s instead. To disable deprecation, use _CRT_SECURE_NO_WARNINGS. See online help for details.
  c:\program files\windows kits\10\include\10.0.17763.0\ucrt\stdio.h(1961): note: 参见“_snprintf”的声明
c:\users\pzw\desktop\ffmpeg_video_combine\video_combine.cpp(310): warning C4996: '_snprintf': This function or variable may be unsafe. Consider using _snprintf_s instead. To disable deprecation, use _CRT_SECURE_NO_WARNINGS. See online help for details.
  c:\program files\windows kits\10\include\10.0.17763.0\ucrt\stdio.h(1961): note: 参见“_snprintf”的声明
c:\users\pzw\desktop\ffmpeg_video_combine\video_combine.cpp(350): warning C4996: '_snprintf': This function or variable may be unsafe. Consider using _snprintf_s instead. To disable deprecation, use _CRT_SECURE_NO_WARNINGS. See online help for details.
  c:\program files\windows kits\10\include\10.0.17763.0\ucrt\stdio.h(1961): note: 参见“_snprintf”的声明
c:\users\pzw\desktop\ffmpeg_video_combine\video_combine.cpp(355): warning C4996: '_snprintf': This function or variable may be unsafe. Consider using _snprintf_s instead. To disable deprecation, use _CRT_SECURE_NO_WARNINGS. See online help for details.
  c:\program files\windows kits\10\include\10.0.17763.0\ucrt\stdio.h(1961): note: 参见“_snprintf”的声明
c:\users\pzw\desktop\ffmpeg_video_combine\video_combine.cpp(398): warning C4996: '_snprintf': This function or variable may be unsafe. Consider using _snprintf_s instead. To disable deprecation, use _CRT_SECURE_NO_WARNINGS. See online help for details.
  c:\program files\windows kits\10\include\10.0.17763.0\ucrt\stdio.h(1961): note: 参见“_snprintf”的声明
c:\users\pzw\desktop\ffmpeg_video_combine\video_combine.cpp(454): warning C4018: “<”: 有符号/无符号不匹配
c:\users\pzw\desktop\ffmpeg_video_combine\video_combine.cpp(478): warning C4996: 'strcat': This function or variable may be unsafe. Consider using strcat_s instead. To disable deprecation, use _CRT_SECURE_NO_WARNINGS. See online help for details.
  c:\program files\windows kits\10\include\10.0.17763.0\ucrt\string.h(90): note: 参见“strcat”的声明
c:\users\pzw\desktop\ffmpeg_video_combine\video_combine.cpp(482): warning C4996: 'strcat': This function or variable may be unsafe. Consider using strcat_s instead. To disable deprecation, use _CRT_SECURE_NO_WARNINGS. See online help for details.
  c:\program files\windows kits\10\include\10.0.17763.0\ucrt\string.h(90): note: 参见“strcat”的声明
c:\users\pzw\desktop\ffmpeg_video_combine\video_combine.cpp(486): warning C4996: 'strcat': This function or variable may be unsafe. Consider using strcat_s instead. To disable deprecation, use _CRT_SECURE_NO_WARNINGS. See online help for details.
  c:\program files\windows kits\10\include\10.0.17763.0\ucrt\string.h(90): note: 参见“strcat”的声明
c:\users\pzw\desktop\ffmpeg_video_combine\video_combine.cpp(494): warning C4996: 'strcat': This function or variable may be unsafe. Consider using strcat_s instead. To disable deprecation, use _CRT_SECURE_NO_WARNINGS. See online help for details.
  c:\program files\windows kits\10\include\10.0.17763.0\ucrt\string.h(90): note: 参见“strcat”的声明
c:\users\pzw\desktop\ffmpeg_video_combine\video_combine.cpp(496): warning C4474: _snprintf: 格式字符串中传递的参数太多
  c:\users\pzw\desktop\ffmpeg_video_combine\video_combine.cpp(496): note: 占位符和其参数预计 1 可变参数，但提供的却是 3 参数
c:\users\pzw\desktop\ffmpeg_video_combine\video_combine.cpp(497): warning C4996: 'strcat': This function or variable may be unsafe. Consider using strcat_s instead. To disable deprecation, use _CRT_SECURE_NO_WARNINGS. See online help for details.
  c:\program files\windows kits\10\include\10.0.17763.0\ucrt\string.h(90): note: 参见“strcat”的声明
c:\users\pzw\desktop\ffmpeg_video_combine\video_combine.cpp(511): warning C4996: 'strcat': This function or variable may be unsafe. Consider using strcat_s instead. To disable deprecation, use _CRT_SECURE_NO_WARNINGS. See online help for details.
  c:\program files\windows kits\10\include\10.0.17763.0\ucrt\string.h(90): note: 参见“strcat”的声明
c:\users\pzw\desktop\ffmpeg_video_combine\video_combine.cpp(514): warning C4996: 'strcat': This function or variable may be unsafe. Consider using strcat_s instead. To disable deprecation, use _CRT_SECURE_NO_WARNINGS. See online help for details.
  c:\program files\windows kits\10\include\10.0.17763.0\ucrt\string.h(90): note: 参见“strcat”的声明
c:\users\pzw\desktop\ffmpeg_video_combine\video_combine.cpp(466): warning C4996: '_snprintf': This function or variable may be unsafe. Consider using _snprintf_s instead. To disable deprecation, use _CRT_SECURE_NO_WARNINGS. See online help for details.
  c:\program files\windows kits\10\include\10.0.17763.0\ucrt\stdio.h(1961): note: 参见“_snprintf”的声明
c:\users\pzw\desktop\ffmpeg_video_combine\video_combine.cpp(470): warning C4996: '_snprintf': This function or variable may be unsafe. Consider using _snprintf_s instead. To disable deprecation, use _CRT_SECURE_NO_WARNINGS. See online help for details.
  c:\program files\windows kits\10\include\10.0.17763.0\ucrt\stdio.h(1961): note: 参见“_snprintf”的声明
c:\users\pzw\desktop\ffmpeg_video_combine\video_combine.cpp(477): warning C4996: '_snprintf': This function or variable may be unsafe. Consider using _snprintf_s instead. To disable deprecation, use _CRT_SECURE_NO_WARNINGS. See online help for details.
  c:\program files\windows kits\10\include\10.0.17763.0\ucrt\stdio.h(1961): note: 参见“_snprintf”的声明
c:\users\pzw\desktop\ffmpeg_video_combine\video_combine.cpp(481): warning C4996: '_snprintf': This function or variable may be unsafe. Consider using _snprintf_s instead. To disable deprecation, use _CRT_SECURE_NO_WARNINGS. See online help for details.
  c:\program files\windows kits\10\include\10.0.17763.0\ucrt\stdio.h(1961): note: 参见“_snprintf”的声明
c:\users\pzw\desktop\ffmpeg_video_combine\video_combine.cpp(485): warning C4996: '_snprintf': This function or variable may be unsafe. Consider using _snprintf_s instead. To disable deprecation, use _CRT_SECURE_NO_WARNINGS. See online help for details.
  c:\program files\windows kits\10\include\10.0.17763.0\ucrt\stdio.h(1961): note: 参见“_snprintf”的声明
c:\users\pzw\desktop\ffmpeg_video_combine\video_combine.cpp(491): warning C4996: '_snprintf': This function or variable may be unsafe. Consider using _snprintf_s instead. To disable deprecation, use _CRT_SECURE_NO_WARNINGS. See online help for details.
  c:\program files\windows kits\10\include\10.0.17763.0\ucrt\stdio.h(1961): note: 参见“_snprintf”的声明
c:\users\pzw\desktop\ffmpeg_video_combine\video_combine.cpp(496): warning C4996: '_snprintf': This function or variable may be unsafe. Consider using _snprintf_s instead. To disable deprecation, use _CRT_SECURE_NO_WARNINGS. See online help for details.
  c:\program files\windows kits\10\include\10.0.17763.0\ucrt\stdio.h(1961): note: 参见“_snprintf”的声明
c:\users\pzw\desktop\ffmpeg_video_combine\video_combine.cpp(505): warning C4996: '_snprintf': This function or variable may be unsafe. Consider using _snprintf_s instead. To disable deprecation, use _CRT_SECURE_NO_WARNINGS. See online help for details.
  c:\program files\windows kits\10\include\10.0.17763.0\ucrt\stdio.h(1961): note: 参见“_snprintf”的声明
c:\users\pzw\desktop\ffmpeg_video_combine\video_combine.cpp(507): warning C4996: '_snprintf': This function or variable may be unsafe. Consider using _snprintf_s instead. To disable deprecation, use _CRT_SECURE_NO_WARNINGS. See online help for details.
  c:\program files\windows kits\10\include\10.0.17763.0\ucrt\stdio.h(1961): note: 参见“_snprintf”的声明
c:\users\pzw\desktop\ffmpeg_video_combine\video_combine.cpp(510): warning C4996: '_snprintf': This function or variable may be unsafe. Consider using _snprintf_s instead. To disable deprecation, use _CRT_SECURE_NO_WARNINGS. See online help for details.
  c:\program files\windows kits\10\include\10.0.17763.0\ucrt\stdio.h(1961): note: 参见“_snprintf”的声明
c:\users\pzw\desktop\ffmpeg_video_combine\video_combine.cpp(513): warning C4996: '_snprintf': This function or variable may be unsafe. Consider using _snprintf_s instead. To disable deprecation, use _CRT_SECURE_NO_WARNINGS. See online help for details.
  c:\program files\windows kits\10\include\10.0.17763.0\ucrt\stdio.h(1961): note: 参见“_snprintf”的声明
c:\users\pzw\desktop\ffmpeg_video_combine\video_combine.cpp(563): warning C4018: “<”: 有符号/无符号不匹配
c:\users\pzw\desktop\ffmpeg_video_combine\video_combine.cpp(646): warning C4244: “初始化”: 从“double”转换到“int64_t”，可能丢失数据
c:\users\pzw\desktop\ffmpeg_video_combine\video_combine.cpp(651): warning C4244: “=”: 从“int64_t”转换到“int”，可能丢失数据
c:\users\pzw\desktop\ffmpeg_video_combine\video_combine.cpp(672): warning C4018: “<”: 有符号/无符号不匹配
c:\users\pzw\desktop\ffmpeg_video_combine\video_combine.cpp(704): warning C4244: “初始化”: 从“double”转换到“int64_t”，可能丢失数据
c:\users\pzw\desktop\ffmpeg_video_combine\video_combine.cpp(708): warning C4244: “=”: 从“int64_t”转换到“int”，可能丢失数据
c:\users\pzw\desktop\ffmpeg_video_combine\video_combine.cpp(732): warning C4018: “<”: 有符号/无符号不匹配
c:\users\pzw\desktop\ffmpeg_video_combine\video_combine.cpp(735): warning C4018: “<”: 有符号/无符号不匹配
c:\users\pzw\desktop\ffmpeg_video_combine\video_combine.cpp(741): warning C4018: “<”: 有符号/无符号不匹配
c:\users\pzw\desktop\ffmpeg_video_combine\video_combine.cpp(743): warning C4018: “>”: 有符号/无符号不匹配
c:\users\pzw\desktop\ffmpeg_video_combine\video_combine.cpp(751): warning C4018: “<”: 有符号/无符号不匹配
  正在生成代码
  2 of 15 functions (13.3%) were compiled, the rest were copied from previous compilation.
    0 functions were new in current compilation
    1 functions had inline decision re-evaluated but remain unchanged
  已完成代码的生成
  ffmpeg_video_combine.vcxproj -> C:\Users\PZW\Desktop\ffmpeg_video_combine\Release\ffmpeg_video_combine.exe

项目性能摘要:
     2319 毫秒 C:\Users\PZW\Desktop\ffmpeg_video_combine\ffmpeg_video_combine.vcxproj   1 次调用
               2319 毫秒 Build                                      1 次调用

目标性能摘要:
        0 毫秒 AfterResourceCompile                       1 次调用
        0 毫秒 PreLinkEvent                               1 次调用
        0 毫秒 MakeDirsForLink                            1 次调用
        0 毫秒 PrepareResourceNames                       1 次调用
        0 毫秒 CreateCustomManifestResourceNames          1 次调用
        0 毫秒 AssignTargetPaths                          1 次调用
        0 毫秒 ComputeLinkInputsFromProject               1 次调用
        0 毫秒 ComputeCLGeneratedLinkInputs               1 次调用
        0 毫秒 ComputeCLOutputs                           1 次调用
        0 毫秒 ComputeCustomBuildOutput                   1 次调用
        0 毫秒 ComputeLinkSwitches                        1 次调用
        0 毫秒 ComputeManifestGeneratedLinkerInputs       1 次调用
        0 毫秒 ComputeRCOutputs                           1 次调用
        0 毫秒 BeforeLink                                 1 次调用
        0 毫秒 BuildLinkTraverse                          1 次调用
        0 毫秒 BuildCompile                               1 次调用
        0 毫秒 _BuildCompileAction                        1 次调用
        0 毫秒 AfterBuildCompileEvent                     1 次调用
        0 毫秒 _ResourceCompile                           1 次调用
        0 毫秒 MakeDirsForResourceCompile                 1 次调用
        0 毫秒 BeforeResourceCompile                      1 次调用
        0 毫秒 ComputeRCGeneratedLinkInputs               1 次调用
        0 毫秒 AfterLink                                  1 次调用
        0 毫秒 _Link                                      1 次调用
        0 毫秒 _ALink                                     1 次调用
        0 毫秒 AfterBuild                                 1 次调用
        0 毫秒 BuildLink                                  1 次调用
        0 毫秒 _BuildLinkAction                           1 次调用
        0 毫秒 PostBuildEvent                             1 次调用
        0 毫秒 PrepareForRun                              1 次调用
        0 毫秒 CopyFilesToOutputDirectory                 1 次调用
        0 毫秒 _CheckForCompileOutputs                    1 次调用
        0 毫秒 _CopySourceItemsToOutputDirectory          1 次调用
        0 毫秒 GetCopyToOutputDirectoryItems              1 次调用
        0 毫秒 _Deploy                                    1 次调用
        0 毫秒 _Appverifier                               1 次调用
        0 毫秒 CreateSatelliteAssemblies                  1 次调用
        0 毫秒 _GenerateSatelliteAssemblyInputs           1 次调用
        0 毫秒 _BscMake                                   1 次调用
        0 毫秒 MakeDirsForBscMake                         1 次调用
        0 毫秒 ComputeCLCompileGeneratedSbrFiles          1 次调用
        0 毫秒 _XdcMake                                   1 次调用
        0 毫秒 MakeDirsForXdcMake                         1 次调用
        0 毫秒 ComputeCLCompileGeneratedXDCFiles          1 次调用
        0 毫秒 ResolvedXDCMake                            1 次调用
        0 毫秒 _Manifest                                  1 次调用
        0 毫秒 _ClCompile                                 1 次调用
        0 毫秒 AfterClCompile                             1 次调用
        0 毫秒 Build                                      1 次调用
        0 毫秒 SelectClCompile                            1 次调用
        0 毫秒 ResolveAssemblyReferences                  1 次调用
        0 毫秒 ExpandSDKReferences                        1 次调用
        0 毫秒 ResolveSDKReferences                       1 次调用
        0 毫秒 PlatformPrepareForBuild                    1 次调用
        0 毫秒 BeforeBuildGenerateSources                 1 次调用
        0 毫秒 PreBuildEvent                              1 次调用
        0 毫秒 GetResolvedWinMD                           1 次调用
        0 毫秒 _SelectedFiles                             1 次调用
        0 毫秒 GetReferenceAssemblyPaths                  1 次调用
        0 毫秒 _Xsd                                       1 次调用
        0 毫秒 GetFrameworkPaths                          1 次调用
        0 毫秒 MakeDirsForMidl                            1 次调用
        0 毫秒 PrepareProjectReferences                   1 次调用
        0 毫秒 ComputeMIDLGeneratedCompileInputs          1 次调用
        0 毫秒 ResolveReferences                          1 次调用
        0 毫秒 AfterMidl                                  1 次调用
        0 毫秒 AfterBuildGenerateSources                  1 次调用
        0 毫秒 AfterBuildGenerateSourcesEvent             1 次调用
        0 毫秒 _BuildGenerateSourcesAction                1 次调用
        0 毫秒 BuildGenerateSources                       1 次调用
        0 毫秒 BuildCompileTraverse                       1 次调用
        0 毫秒 _SplitProjectReferencesByFileExistence     1 次调用
        0 毫秒 ComputeCLInputPDBName                      1 次调用
        0 毫秒 ComputeReferenceCLInput                    1 次调用
        0 毫秒 WarnCompileDuplicatedFilename              1 次调用
        0 毫秒 BeforeResolveReferences                    1 次调用
        0 毫秒 _PrepareForReferenceResolution             1 次调用
        0 毫秒 MakeDirsForCl                              1 次调用
        0 毫秒 SelectCustomBuild                          1 次调用
        0 毫秒 _Midl                                      1 次调用
        0 毫秒 AfterResolveReferences                     1 次调用
        1 毫秒 ComputeLegacyManifestEmbedding             1 次调用
        1 毫秒 ComputeLinkImportLibraryOutputsForClean    1 次调用
        1 毫秒 DoLinkOutputFilesMatch                     1 次调用
        1 毫秒 ComputeManifestInputsTargets               1 次调用
        1 毫秒 BuildGenerateSourcesTraverse               1 次调用
        1 毫秒 _PrepareForBuild                           1 次调用
        1 毫秒 GetCopyToOutputDirectoryXamlAppDefs        1 次调用
        1 毫秒 SetCABuildNativeEnvironmentVariables       1 次调用
        1 毫秒 FixupCLCompileOptions                      1 次调用
        1 毫秒 BeforeClCompile                            1 次调用
        1 毫秒 _GetProjectReferenceTargetFrameworkProperties   1 次调用
        1 毫秒 _CheckWindowsSDKInstalled                  1 次调用
        1 毫秒 RegisterOutput                             1 次调用
        1 毫秒 SetBuildDefaultEnvironmentVariables        1 次调用
        1 毫秒 SplitResourcesByCulture                    1 次调用
        2 毫秒 FinalizeBuildStatus                        1 次调用
        2 毫秒 AssignProjectConfiguration                 1 次调用
        9 毫秒 CopyFileToFolders                          1 次调用
       11 毫秒 PrepareForBuild                            1 次调用
       24 毫秒 ResolveProjectReferences                   1 次调用
       59 毫秒 SetTelemetryEnvironmentVariables           1 次调用
       60 毫秒 InitializeBuildStatus                      1 次调用
      117 毫秒 _CheckForInvalidConfigurationAndPlatform   1 次调用
      804 毫秒 ClCompile                                  1 次调用
     1212 毫秒 Link                                       1 次调用

任务性能摘要:
        0 毫秒 MSBuild                                    1 次调用
        0 毫秒 Delete                                     1 次调用
        1 毫秒 MakeDir                                    9 次调用
        1 毫秒 AssignProjectConfiguration                 1 次调用
        1 毫秒 AssignTargetPath                           6 次调用
        1 毫秒 AssignCulture                              1 次调用
        2 毫秒 ReadLinesFromFile                          1 次调用
        3 毫秒 WriteLinesToFile                           2 次调用
        4 毫秒 Message                                    3 次调用
        4 毫秒 SetEnv                                     8 次调用
        8 毫秒 GetOutOfDateItems                          1 次调用
       57 毫秒 Touch                                      2 次调用
      803 毫秒 CL                                         1 次调用
     1210 毫秒 Link                                       1 次调用
